<?xml version="1.0" encoding="UTF-8"?>
<testsuite xmlns:xsi="http://www.w3.org/2001/XMLSchema-instance" xsi:noNamespaceSchemaLocation="https://maven.apache.org/surefire/maven-surefire-plugin/xsd/surefire-test-report.xsd" version="3.0.2" name="at.fhtw.tourplanner.bl.TourStoreTest" time="0.012" tests="12" errors="0" skipped="0" failures="1">
  <properties>
[...]
</properties>
  <testcase name="testCreateNewLog" classname="at.fhtw.tourplanner.bl.TourStoreTest" time="0.0"/>
  <testcase name="testUpdateLog" classname="at.fhtw.tourplanner.bl.TourStoreTest" time="0.0"/>
  <testcase name="testUpdateTour" classname="at.fhtw.tourplanner.bl.TourStoreTest" time="0.0"/>
  <testcase name="testFindMatchingTours" classname="at.fhtw.tourplanner.bl.TourStoreTest" time="0.0">
    <failure message="expected: &lt;false&gt; but was: &lt;true&gt;" type="org.opentest4j.AssertionFailedError"><![CDATA[org.opentest4j.AssertionFailedError: expected: <false> but was: <true>
	at org.junit.jupiter.api.AssertionFailureBuilder.build(AssertionFailureBuilder.java:151)
	at org.junit.jupiter.api.AssertionFailureBuilder.buildAndThrow(AssertionFailureBuilder.java:132)
	at org.junit.jupiter.api.AssertFalse.failNotFalse(AssertFalse.java:63)
	at org.junit.jupiter.api.AssertFalse.assertFalse(AssertFalse.java:36)
	at org.junit.jupiter.api.AssertFalse.assertFalse(AssertFalse.java:31)
	at org.junit.jupiter.api.Assertions.assertFalse(Assertions.java:231)
	at tourplanner/at.fhtw.tourplanner.bl.TourStoreTest.testFindMatchingTours(TourStoreTest.java:39)
	at java.base/java.lang.reflect.Method.invoke(Method.java:580)
	at java.base/java.util.ArrayList.forEach(ArrayList.java:1597)
	at java.base/java.util.ArrayList.forEach(ArrayList.java:1597)
]]></failure>
  </testcase>
  <testcase name="testGetLogsForTour" classname="at.fhtw.tourplanner.bl.TourStoreTest" time="0.0"/>
  <testcase name="testSearchToursWithMatchingLogs" classname="at.fhtw.tourplanner.bl.TourStoreTest" time="0.006"/>
  <testcase name="testDeleteLog" classname="at.fhtw.tourplanner.bl.TourStoreTest" time="0.0"/>
  <testcase name="testDeleteTour" classname="at.fhtw.tourplanner.bl.TourStoreTest" time="0.0"/>
  <testcase name="testCreateNewTour" classname="at.fhtw.tourplanner.bl.TourStoreTest" time="0.0"/>
  <testcase name="testAddMultipleLogsToTour" classname="at.fhtw.tourplanner.bl.TourStoreTest" time="0.0"/>
  <testcase name="testSearchToursWithNoMatch" classname="at.fhtw.tourplanner.bl.TourStoreTest" time="0.0"/>
  <testcase name="testUpdateTourWithEmptyFields" classname="at.fhtw.tourplanner.bl.TourStoreTest" time="0.0"/>
</testsuite>